<?xml version="1.0" encoding="UTF-8"?>
<!-- Generated by org.testng.reporters.JUnitXMLReporter -->
<testsuite ignored="0" hostname="Prabhakaran" failures="0" tests="3" name="./gitflow.java" time="22.985" errors="0" timestamp="2024-07-21T19:31:50 IST">
  <testcase classname="Testcases.gitflow" name="login" time="4.655"/>
  <testcase classname="Testcases.gitflow" name="createRepo" time="2.411"/>
  <testcase classname="Testcases.gitflow" name="deleteRepo" time="7.913"/>
</testsuite> <!-- ./gitflow.java -->
