<?xml version="1.0" encoding="UTF-8"?>
<testng-results ignored="0" total="3" passed="3" failed="0" skipped="0">
  <reporter-output>
  </reporter-output>
  <suite started-at="2024-07-21T19:31:27 IST" name="All Test Suite" finished-at="2024-07-21T19:31:50 IST" duration-ms="22985">
    <groups>
    </groups>
    <test started-at="2024-07-21T19:31:27 IST" name="./gitflow.java" finished-at="2024-07-21T19:31:50 IST" duration-ms="22985">
      <class name="Testcases.gitflow">
        <test-method is-config="true" signature="setup()[pri:0, instance:Testcases.gitflow@4dbb42b7]" started-at="2024-07-21T19:31:27 IST" name="setup" finished-at="2024-07-21T19:31:35 IST" duration-ms="7752" status="PASS">
          <reporter-output>
          </reporter-output>
        </test-method> <!-- setup -->
        <test-method is-config="true" signature="setobjects()[pri:0, instance:Testcases.gitflow@4dbb42b7]" started-at="2024-07-21T19:31:35 IST" name="setobjects" finished-at="2024-07-21T19:31:35 IST" duration-ms="16" status="PASS">
          <reporter-output>
          </reporter-output>
        </test-method> <!-- setobjects -->
        <test-method signature="login()[pri:1, instance:Testcases.gitflow@4dbb42b7]" started-at="2024-07-21T19:31:35 IST" name="login" finished-at="2024-07-21T19:31:39 IST" duration-ms="4655" status="PASS">
          <reporter-output>
          </reporter-output>
        </test-method> <!-- login -->
        <test-method signature="createRepo()[pri:2, instance:Testcases.gitflow@4dbb42b7]" started-at="2024-07-21T19:31:39 IST" name="createRepo" finished-at="2024-07-21T19:31:42 IST" duration-ms="2411" status="PASS">
          <reporter-output>
          </reporter-output>
        </test-method> <!-- createRepo -->
        <test-method signature="deleteRepo()[pri:3, instance:Testcases.gitflow@4dbb42b7]" started-at="2024-07-21T19:31:42 IST" name="deleteRepo" finished-at="2024-07-21T19:31:50 IST" duration-ms="7913" status="PASS">
          <reporter-output>
          </reporter-output>
        </test-method> <!-- deleteRepo -->
        <test-method is-config="true" signature="teardown()[pri:0, instance:Testcases.gitflow@4dbb42b7]" started-at="2024-07-21T19:31:50 IST" name="teardown" finished-at="2024-07-21T19:31:50 IST" duration-ms="2" status="PASS">
          <reporter-output>
          </reporter-output>
        </test-method> <!-- teardown -->
      </class> <!-- Testcases.gitflow -->
    </test> <!-- ./gitflow.java -->
  </suite> <!-- All Test Suite -->
</testng-results>
